<?xml version="1.0" encoding="UTF-8"?>
<testsuite xmlns:xsi="http://www.w3.org/2001/XMLSchema-instance" xsi:noNamespaceSchemaLocation="https://maven.apache.org/surefire/maven-surefire-plugin/xsd/surefire-test-report.xsd" name="fit.AppTest" time="0.035" tests="4" errors="4" skipped="0" failures="0">
  <properties>
    <property name="java.specification.version" value="17"/>
    <property name="sun.cpu.isalist" value="amd64"/>
    <property name="sun.jnu.encoding" value="Cp1252"/>
    <property name="java.class.path" value="C:\Projects\LabCoding\java-imc-favastres\target\test-classes;C:\Projects\LabCoding\java-imc-favastres\target\classes;C:\Users\favas\.m2\repository\junit\junit\4.11\junit-4.11.jar;C:\Users\favas\.m2\repository\org\hamcrest\hamcrest-core\1.3\hamcrest-core-1.3.jar;"/>
    <property name="java.vm.vendor" value="Eclipse Adoptium"/>
    <property name="sun.arch.data.model" value="64"/>
    <property name="user.variant" value=""/>
    <property name="java.vendor.url" value="https://adoptium.net/"/>
    <property name="user.timezone" value="America/Sao_Paulo"/>
    <property name="os.name" value="Windows 11"/>
    <property name="java.vm.specification.version" value="17"/>
    <property name="sun.java.launcher" value="SUN_STANDARD"/>
    <property name="user.country" value="BR"/>
    <property name="sun.boot.library.path" value="C:\Program Files\Eclipse Adoptium\jdk-17.0.2.8-hotspot\bin"/>
    <property name="sun.java.command" value="C:\Users\favas\AppData\Local\Temp\surefire5407618831073671251\surefirebooter2646372252585018138.jar C:\Users\favas\AppData\Local\Temp\surefire5407618831073671251 2022-04-08T20-53-05_786-jvmRun1 surefire6529405413677188169tmp surefire_06055694765413103974tmp"/>
    <property name="jdk.debug" value="release"/>
    <property name="surefire.test.class.path" value="C:\Projects\LabCoding\java-imc-favastres\target\test-classes;C:\Projects\LabCoding\java-imc-favastres\target\classes;C:\Users\favas\.m2\repository\junit\junit\4.11\junit-4.11.jar;C:\Users\favas\.m2\repository\org\hamcrest\hamcrest-core\1.3\hamcrest-core-1.3.jar;"/>
    <property name="sun.cpu.endian" value="little"/>
    <property name="user.home" value="C:\Users\favas"/>
    <property name="user.language" value="pt"/>
    <property name="java.specification.vendor" value="Oracle Corporation"/>
    <property name="java.version.date" value="2022-01-18"/>
    <property name="java.home" value="C:\Program Files\Eclipse Adoptium\jdk-17.0.2.8-hotspot"/>
    <property name="file.separator" value="\"/>
    <property name="basedir" value="C:\Projects\LabCoding\java-imc-favastres"/>
    <property name="java.vm.compressedOopsMode" value="Zero based"/>
    <property name="line.separator" value="&#10;"/>
    <property name="java.vm.specification.vendor" value="Oracle Corporation"/>
    <property name="java.specification.name" value="Java Platform API Specification"/>
    <property name="surefire.real.class.path" value="C:\Users\favas\AppData\Local\Temp\surefire5407618831073671251\surefirebooter2646372252585018138.jar"/>
    <property name="user.script" value=""/>
    <property name="sun.management.compiler" value="HotSpot 64-Bit Tiered Compilers"/>
    <property name="java.runtime.version" value="17.0.2+8"/>
    <property name="user.name" value="favas"/>
    <property name="path.separator" value=";"/>
    <property name="os.version" value="10.0"/>
    <property name="java.runtime.name" value="OpenJDK Runtime Environment"/>
    <property name="file.encoding" value="Cp1252"/>
    <property name="java.vm.name" value="OpenJDK 64-Bit Server VM"/>
    <property name="java.vendor.version" value="Temurin-17.0.2+8"/>
    <property name="localRepository" value="C:\Users\favas\.m2\repository"/>
    <property name="java.vendor.url.bug" value="https://github.com/adoptium/adoptium-support/issues"/>
    <property name="java.io.tmpdir" value="C:\Users\favas\AppData\Local\Temp\"/>
    <property name="java.version" value="17.0.2"/>
    <property name="user.dir" value="C:\Projects\LabCoding\java-imc-favastres"/>
    <property name="os.arch" value="amd64"/>
    <property name="java.vm.specification.name" value="Java Virtual Machine Specification"/>
    <property name="sun.os.patch.level" value=""/>
    <property name="native.encoding" value="Cp1252"/>
    <property name="java.library.path" value="C:\Program Files\Eclipse Adoptium\jdk-17.0.2.8-hotspot\bin;C:\Windows\Sun\Java\bin;C:\Windows\system32;C:\Windows;C:\Users\favas\bin;C:\Program Files\Git\mingw64\bin;C:\Program Files\Git\usr\local\bin;C:\Program Files\Git\usr\bin;C:\Program Files\Git\usr\bin;C:\Program Files\Git\cmd;C:\Program Files (x86)\Microsoft SDKs\Azure\CLI2\wbin;C:\Program Files\Eclipse Adoptium\jdk-17.0.2.8-hotspot\bin;C:\Windows\system32;C:\Windows;C:\Windows\System32\Wbem;C:\Windows\System32\WindowsPowerShell\v1.0;C:\Windows\System32\OpenSSH;C:\HashiCorp\Vagrant\bin;C:\Program Files\Git\cmd;C:\Program Files\nodejs;C:\ProgramData\chocolatey\bin;C:\Program Files (x86)\NVIDIA Corporation\PhysX\Common;C:\Program Files\NVIDIA Corporation\NVIDIA NvDLISR;C:\HashiCorp\Terraform;C:\Program Files\Git LFS;C:\Users\favas\AppData\Local\Programs\Python\Python310\Scripts;C:\Users\favas\AppData\Local\Programs\Python\Python310;C:\Users\favas\AppData\Local\Microsoft\WindowsApps;C:\Users\favas\AppData\Local\Programs\Microsoft VS Code\bin;C:\Users\favas\AppData\Local\Programs\Hyper\resources\bin;C:\Users\favas\AppData\Roaming\npm;C:\Users\favas\Tools\apache-maven-3.8.5\bin;C:\Program Files\Git\usr\bin\vendor_perl;C:\Program Files\Git\usr\bin\core_perl;."/>
    <property name="java.vm.info" value="mixed mode, sharing"/>
    <property name="java.vendor" value="Eclipse Adoptium"/>
    <property name="java.vm.version" value="17.0.2+8"/>
    <property name="sun.io.unicode.encoding" value="UnicodeLittle"/>
    <property name="java.class.version" value="61.0"/>
  </properties>
  <testcase name="shouldCalculateMagreza" classname="fit.AppTest" time="0.005">
    <error message="Unresolved compilation problem: &#10;	CalculadoraImc cannot be resolved&#10;" type="java.lang.Error">java.lang.Error: 
Unresolved compilation problem: 
	CalculadoraImc cannot be resolved

	at fit.AppTest.shouldCalculateMagreza(AppTest.java:26)
</error>
  </testcase>
  <testcase name="shouldCalculateSobrepeso" classname="fit.AppTest" time="0">
    <error message="Unresolved compilation problem: &#10;	CalculadoraImc cannot be resolved&#10;" type="java.lang.Error">java.lang.Error: 
Unresolved compilation problem: 
	CalculadoraImc cannot be resolved

	at fit.AppTest.shouldCalculateSobrepeso(AppTest.java:58)
</error>
  </testcase>
  <testcase name="shouldCalculateObesidade" classname="fit.AppTest" time="0">
    <error message="Unresolved compilation problem: &#10;	CalculadoraImc cannot be resolved&#10;" type="java.lang.Error">java.lang.Error: 
Unresolved compilation problem: 
	CalculadoraImc cannot be resolved

	at fit.AppTest.shouldCalculateObesidade(AppTest.java:74)
</error>
  </testcase>
  <testcase name="shouldCalculateNormal" classname="fit.AppTest" time="0.001">
    <error message="Unresolved compilation problem: &#10;	CalculadoraImc cannot be resolved&#10;" type="java.lang.Error">java.lang.Error: 
Unresolved compilation problem: 
	CalculadoraImc cannot be resolved

	at fit.AppTest.shouldCalculateNormal(AppTest.java:42)
</error>
  </testcase>
</testsuite>